<?xml version="1.0" encoding="UTF-8"?>
<!-- Generated by org.testng.reporters.JUnitReportReporter -->
<testsuite hostname="DESKTOP-XXX90FC" failures="0" tests="1" name="com.pages.test.LoginPageTest" time="10.134" errors="0" timestamp="2022-08-15T04:06:38 GMT-07:00" skipped="0">
  <testcase classname="com.pages.test.LoginPageTest" name="TC_001" time="10.134"/>
  <system-out/>
</testsuite> <!-- com.pages.test.LoginPageTest -->
