<?xml version="1.0" encoding="UTF-8"?>
<!-- Generated by org.testng.reporters.JUnitReportReporter -->
<testsuite hostname="DESKTOP-XXX90FC" failures="0" tests="1" name="com.pages.test.SignupPageTest" time="43.569" errors="0" timestamp="2022-08-15T06:52:18 GMT-07:00" skipped="0">
  <testcase classname="com.pages.test.SignupPageTest" name="TC_002" time="43.569"/>
  <system-out/>
</testsuite> <!-- com.pages.test.SignupPageTest -->
